<?xml version="1.0" encoding="UTF-8"?>
<!-- Generated by org.testng.reporters.JUnitReportReporter -->
<testsuite hostname="HariDarshana" failures="0" tests="1" name="com.Reka.rest_assured_training.LocalAPIdb" time="2.752" errors="0" timestamp="2023-01-06T17:44:56 CST" skipped="0">
  <testcase classname="com.Reka.rest_assured_training.LocalAPIdb" name="deleteRequest" time="2.752"/>
  <system-out/>
</testsuite> <!-- com.Reka.rest_assured_training.LocalAPIdb -->
