<?xml version="1.0" encoding="UTF-8"?>
<!-- Generated by org.testng.reporters.JUnitReportReporter -->
<testsuite hostname="HariDarshana" failures="0" tests="1" name="com.lao.rest_assured_training.SampleGetRequsetTestNG" time="3.128" errors="0" timestamp="2022-11-15T09:15:03 CST" skipped="0">
  <testcase classname="com.lao.rest_assured_training.SampleGetRequsetTestNG" name="getRequestTestNG" time="3.128"/>
  <system-out/>
</testsuite> <!-- com.lao.rest_assured_training.SampleGetRequsetTestNG -->
