<?xml version="1.0" encoding="UTF-8"?>
<!-- Generated by org.testng.reporters.JUnitReportReporter -->
<testsuite hostname="HariDarshana" failures="0" tests="1" name="com.lao.rest_assured_training.SampleGetRequestBDDmethodchaining" time="2.538" errors="0" timestamp="2022-11-15T09:49:22 CST" skipped="0">
  <testcase classname="com.lao.rest_assured_training.SampleGetRequestBDDmethodchaining" name="getRequestBDD" time="2.538"/>
  <system-out/>
</testsuite> <!-- com.lao.rest_assured_training.SampleGetRequestBDDmethodchaining -->
