<?xml version="1.0" encoding="UTF-8"?>
<!-- Generated by org.testng.reporters.JUnitReportReporter -->
<testsuite skipped="0" hostname="HariDarshana" name="com.Reka.rest_assured_training.SoapXMLrequestNOTWORKING" tests="1" failures="0" timestamp="2023-03-07T08:38:03 CST" time="1.023" errors="0">
  <testcase name="soapXML_Request" time="1.023" classname="com.Reka.rest_assured_training.SoapXMLrequestNOTWORKING"/>
  <system-out/>
</testsuite> <!-- com.Reka.rest_assured_training.SoapXMLrequestNOTWORKING -->
