<?xml version="1.0" encoding="UTF-8"?>
<!-- Generated by org.testng.reporters.JUnitReportReporter -->
<testsuite hostname="HariDarshana" failures="0" tests="1" name="com.Reka.rest_assured_training.SamplePostRequest" time="2.995" errors="0" timestamp="2022-12-03T19:50:00 CST" skipped="0">
  <testcase classname="com.Reka.rest_assured_training.SamplePostRequest" name="postRequestExample" time="2.995"/>
  <system-out/>
</testsuite> <!-- com.Reka.rest_assured_training.SamplePostRequest -->
