<?xml version="1.0" encoding="UTF-8"?>
<!-- Generated by org.testng.reporters.JUnitReportReporter -->
<testsuite skipped="0" hostname="HariDarshana" name="com.Reka.rest_assured_training.SampleGetRequestBDDmethodchaining" tests="1" failures="0" timestamp="2023-03-07T08:25:06 CST" time="3.532" errors="0">
  <testcase name="getRequestBDD" time="3.532" classname="com.Reka.rest_assured_training.SampleGetRequestBDDmethodchaining"/>
  <system-out/>
</testsuite> <!-- com.Reka.rest_assured_training.SampleGetRequestBDDmethodchaining -->
