<?xml version="1.0" encoding="UTF-8"?>
<!-- Generated by org.testng.reporters.JUnitReportReporter -->
<testsuite skipped="0" hostname="HariDarshana" name="com.Reka.rest_assured_training.SampleGetRequsetTestNG" tests="2" failures="0" timestamp="2023-03-07T08:25:20 CST" time="3.349" errors="0">
  <testcase name="getRequestTestNG" time="3.092" classname="com.Reka.rest_assured_training.SampleGetRequsetTestNG"/>
  <system-out/>
  <testcase name="test_1" time="0.257" classname="com.Reka.rest_assured_training.SampleGetRequsetTestNG"/>
  <system-out/>
</testsuite> <!-- com.Reka.rest_assured_training.SampleGetRequsetTestNG -->
