<?xml version="1.0" encoding="UTF-8"?>
<!-- Generated by org.testng.reporters.JUnitReportReporter -->
<testsuite hostname="HariDarshana" failures="0" tests="2" name="com.Reka.rest_assured_training.SamplePostRequest" time="4.756" errors="0" timestamp="2023-01-06T16:14:37 CST" skipped="1">
  <testcase classname="com.Reka.rest_assured_training.SamplePostRequest" name="testPost" time="4.756"/>
  <system-out/>
  <testcase classname="com.Reka.rest_assured_training.SamplePostRequest" name="postRequestExample">
    <skipped/>
  </testcase> <!-- postRequestExample -->
  <system-out/>
</testsuite> <!-- com.Reka.rest_assured_training.SamplePostRequest -->
