<?xml version="1.0" encoding="UTF-8"?>
<!-- Generated by org.testng.reporters.JUnitReportReporter -->
<testsuite hostname="HariDarshana" failures="0" tests="1" name="com.Reka.rest_assured_training.SamplePutRequest" time="6.486" errors="0" timestamp="2022-11-15T12:02:41 CST" skipped="0">
  <testcase classname="com.Reka.rest_assured_training.SamplePutRequest" name="deleteRequestExample" time="6.486"/>
  <system-out/>
</testsuite> <!-- com.Reka.rest_assured_training.SamplePutRequest -->
