<?xml version="1.0" encoding="UTF-8"?>
<!-- Generated by org.testng.reporters.JUnitReportReporter -->
<testsuite hostname="HariDarshana" failures="0" tests="1" name="com.Reka.rest_assured_training.SampleGetRequestBDDmethodchaining" time="3.007" errors="0" timestamp="2022-11-16T22:05:22 CST" skipped="0">
  <testcase classname="com.Reka.rest_assured_training.SampleGetRequestBDDmethodchaining" name="getRequestBDD" time="3.007"/>
  <system-out/>
</testsuite> <!-- com.Reka.rest_assured_training.SampleGetRequestBDDmethodchaining -->
