<?xml version="1.0" encoding="UTF-8"?>
<!-- Generated by org.testng.reporters.JUnitReportReporter -->
<testsuite hostname="HariDarshana" failures="0" tests="8" name="com.Reka.rest_assured_training.JsonValidationHamcrestMatchers" time="4.717" errors="0" timestamp="2023-01-06T14:01:40 CST" skipped="7">
  <testcase classname="com.Reka.rest_assured_training.JsonValidationHamcrestMatchers" name="test3" time="4.717"/>
  <system-out/>
  <testcase classname="com.Reka.rest_assured_training.JsonValidationHamcrestMatchers" name="checkLeagueid">
    <skipped/>
  </testcase> <!-- checkLeagueid -->
  <system-out/>
  <testcase classname="com.Reka.rest_assured_training.JsonValidationHamcrestMatchers" name="checkWeight">
    <skipped/>
  </testcase> <!-- checkWeight -->
  <system-out/>
  <testcase classname="com.Reka.rest_assured_training.JsonValidationHamcrestMatchers" name="checkEntries">
    <skipped/>
  </testcase> <!-- checkEntries -->
  <system-out/>
  <testcase classname="com.Reka.rest_assured_training.JsonValidationHamcrestMatchers" name="test2">
    <skipped/>
  </testcase> <!-- test2 -->
  <system-out/>
  <testcase classname="com.Reka.rest_assured_training.JsonValidationHamcrestMatchers" name="checkTime">
    <skipped/>
  </testcase> <!-- checkTime -->
  <system-out/>
  <testcase classname="com.Reka.rest_assured_training.JsonValidationHamcrestMatchers" name="visitingTeam">
    <skipped/>
  </testcase> <!-- visitingTeam -->
  <system-out/>
  <testcase classname="com.Reka.rest_assured_training.JsonValidationHamcrestMatchers" name="checkEmptyEntries">
    <skipped/>
  </testcase> <!-- checkEmptyEntries -->
  <system-out/>
</testsuite> <!-- com.Reka.rest_assured_training.JsonValidationHamcrestMatchers -->
