<?xml version="1.0" encoding="UTF-8"?>
<!-- Generated by org.testng.reporters.JUnitReportReporter -->
<testsuite skipped="7" hostname="HariDarshana" name="com.Reka.rest_assured_training.JsonValidationHamcrestMatchers" tests="8" failures="0" timestamp="2023-03-06T22:30:20 CST" time="5.384" errors="0">
  <testcase name="test3" time="5.384" classname="com.Reka.rest_assured_training.JsonValidationHamcrestMatchers"/>
  <system-out/>
  <testcase name="checkLeagueid" classname="com.Reka.rest_assured_training.JsonValidationHamcrestMatchers">
    <skipped/>
  </testcase> <!-- checkLeagueid -->
  <system-out/>
  <testcase name="checkWeight" classname="com.Reka.rest_assured_training.JsonValidationHamcrestMatchers">
    <skipped/>
  </testcase> <!-- checkWeight -->
  <system-out/>
  <testcase name="checkEntries" classname="com.Reka.rest_assured_training.JsonValidationHamcrestMatchers">
    <skipped/>
  </testcase> <!-- checkEntries -->
  <system-out/>
  <testcase name="test2" classname="com.Reka.rest_assured_training.JsonValidationHamcrestMatchers">
    <skipped/>
  </testcase> <!-- test2 -->
  <system-out/>
  <testcase name="checkTime" classname="com.Reka.rest_assured_training.JsonValidationHamcrestMatchers">
    <skipped/>
  </testcase> <!-- checkTime -->
  <system-out/>
  <testcase name="visitingTeam" classname="com.Reka.rest_assured_training.JsonValidationHamcrestMatchers">
    <skipped/>
  </testcase> <!-- visitingTeam -->
  <system-out/>
  <testcase name="checkEmptyEntries" classname="com.Reka.rest_assured_training.JsonValidationHamcrestMatchers">
    <skipped/>
  </testcase> <!-- checkEmptyEntries -->
  <system-out/>
</testsuite> <!-- com.Reka.rest_assured_training.JsonValidationHamcrestMatchers -->
