<?xml version="1.0" encoding="UTF-8"?>
<!-- Generated by org.testng.reporters.JUnitReportReporter -->
<testsuite skipped="0" hostname="HariDarshana" name="com.Reka.rest_assured_training.LocalAPIdb" tests="1" failures="0" timestamp="2023-03-07T08:22:17 CST" time="3.004" errors="0">
  <testcase name="deleteRequest" time="3.004" classname="com.Reka.rest_assured_training.LocalAPIdb"/>
  <system-out/>
</testsuite> <!-- com.Reka.rest_assured_training.LocalAPIdb -->
