<?xml version="1.0" encoding="UTF-8"?>
<!-- Generated by org.testng.reporters.JUnitReportReporter -->
<testsuite hostname="HariDarshana" failures="0" tests="1" name="com.Reka.rest_assured_training.SampleGetRequsetTestNG" time="2.294" errors="0" timestamp="2022-11-16T22:05:33 CST" skipped="0">
  <testcase classname="com.Reka.rest_assured_training.SampleGetRequsetTestNG" name="getRequestTestNG" time="2.294"/>
  <system-out/>
</testsuite> <!-- com.Reka.rest_assured_training.SampleGetRequsetTestNG -->
