<?xml version="1.0" encoding="UTF-8"?>
<!-- Generated by org.testng.reporters.JUnitReportReporter -->
<testsuite hostname="HariDarshana" failures="0" tests="1" name="com.Reka.rest_assured_training.SampleGetRequsetTestNG" time="9.649" errors="0" timestamp="2023-01-06T12:37:16 CST" skipped="0">
  <testcase classname="com.Reka.rest_assured_training.SampleGetRequsetTestNG" name="getRequestTestNG" time="9.649"/>
  <system-out/>
</testsuite> <!-- com.Reka.rest_assured_training.SampleGetRequsetTestNG -->
