<?xml version="1.0" encoding="UTF-8"?>
<!-- Generated by org.testng.reporters.JUnitReportReporter -->
<testsuite hostname="HariDarshana" failures="0" tests="1" name="com.Reka.rest_assured_training.SamplePutRequest" time="5.229" errors="0" timestamp="2023-01-06T16:18:04 CST" skipped="0">
  <testcase classname="com.Reka.rest_assured_training.SamplePutRequest" name="deleteRequestExample" time="5.229"/>
  <system-out/>
</testsuite> <!-- com.Reka.rest_assured_training.SamplePutRequest -->
