<?xml version="1.0" encoding="UTF-8"?>
<!-- Generated by org.testng.reporters.JUnitReportReporter -->
<testsuite skipped="1" hostname="HariDarshana" name="com.Reka.rest_assured_training.SamplePostRequest" tests="2" failures="0" timestamp="2023-03-07T08:26:00 CST" time="3.223" errors="0">
  <testcase name="testPost" time="3.223" classname="com.Reka.rest_assured_training.SamplePostRequest"/>
  <system-out/>
  <testcase name="postRequestExample" classname="com.Reka.rest_assured_training.SamplePostRequest">
    <skipped/>
  </testcase> <!-- postRequestExample -->
  <system-out/>
</testsuite> <!-- com.Reka.rest_assured_training.SamplePostRequest -->
