<?xml version="1.0" encoding="UTF-8"?>
<!-- Generated by org.testng.reporters.JUnitReportReporter -->
<testsuite skipped="0" hostname="HariDarshana" name="com.Reka.rest_assured_training.SamplePutRequest" tests="3" failures="0" timestamp="2023-03-07T08:26:15 CST" time="4.228" errors="0">
  <testcase name="patchRequestExample" time="0.445" classname="com.Reka.rest_assured_training.SamplePutRequest"/>
  <system-out/>
  <testcase name="putRequestExample" time="0.385" classname="com.Reka.rest_assured_training.SamplePutRequest"/>
  <system-out/>
  <testcase name="deleteRequestExample" time="3.398" classname="com.Reka.rest_assured_training.SamplePutRequest"/>
  <system-out/>
</testsuite> <!-- com.Reka.rest_assured_training.SamplePutRequest -->
